2025-01-19 14:27:02,833 - INFO - Successfully loaded JSON file: E:\Users\gogir\gogira\ikolo\ikolo\src\config.json
2025-01-19 14:27:02,833 - INFO - Verified or created directory: data
2025-01-19 14:27:02,833 - INFO - Verified or created directory: data
2025-01-19 14:27:02,842 - INFO - Verified or created directory: data/sys_file/cache_dir
2025-01-19 14:27:02,842 - INFO - Verified or created directory: data/sys_file/cache_dir
2025-01-19 14:27:02,842 - INFO - Verified or created directory: data/sys_file/cache_dir
2025-01-19 14:27:02,849 - INFO - Verified or created directory: data/plots
2025-01-19 14:27:02,849 - INFO - Verified or created directory: data/plots
2025-01-19 14:27:02,849 - INFO - Verified or created directory: data/plots
2025-01-19 14:27:02,849 - INFO - Verified or created directory: data/plots
2025-01-19 14:27:02,849 - INFO - Verified or created directory: data/plots
2025-01-19 14:27:02,858 - INFO - Verified or created directory: data/sys_file/cache_dir
2025-01-19 14:27:02,858 - INFO - Verified or created directory: data/sys_file/cache_dir
2025-01-19 14:27:02,858 - INFO - Verified or created directory: data/sys_file/cache_dir
2025-01-19 14:27:02,858 - INFO - Verified or created directory: data/sys_file/cache_dir
2025-01-19 14:27:02,858 - INFO - Verified or created directory: data/sys_file/cache_dir
2025-01-19 14:27:02,858 - INFO - Verified or created directory: data/sys_file/cache_dir
2025-01-19 14:27:02,869 - INFO - Verified or created directory: ./data
2025-01-19 14:27:02,869 - INFO - Verified or created directory: ./data
2025-01-19 14:27:02,869 - INFO - Verified or created directory: ./data
2025-01-19 14:27:02,869 - INFO - Verified or created directory: ./data
2025-01-19 14:27:02,869 - INFO - Verified or created directory: ./data
2025-01-19 14:27:02,869 - INFO - Verified or created directory: ./data
2025-01-19 14:27:02,875 - INFO - Verified or created directory: ./data
2025-01-19 14:27:02,875 - INFO - Verified or created directory: ./data
2025-01-19 14:27:02,875 - INFO - Verified or created directory: ./data
2025-01-19 14:27:02,875 - INFO - Verified or created directory: ./data
2025-01-19 14:27:02,875 - INFO - Verified or created directory: ./data
2025-01-19 14:27:02,875 - INFO - Verified or created directory: ./data
2025-01-19 14:27:02,886 - INFO - Verified or created directory: data/sys_file
2025-01-19 14:27:02,886 - INFO - Verified or created directory: data/sys_file
2025-01-19 14:27:02,886 - INFO - Verified or created directory: data/sys_file
2025-01-19 14:27:02,886 - INFO - Verified or created directory: data/sys_file
2025-01-19 14:27:02,886 - INFO - Verified or created directory: data/sys_file
2025-01-19 14:27:02,886 - INFO - Verified or created directory: data/sys_file
2025-01-19 14:27:02,886 - INFO - Verified or created directory: data/sys_file
2025-01-19 14:27:02,892 - INFO - Successfully read file: data/sys_file/user_db/user_database.json
2025-01-19 14:27:02,892 - INFO - Successfully read file: data/sys_file/user_db/user_database.json
2025-01-19 14:27:02,892 - INFO - Successfully read file: data/sys_file/user_db/user_database.json
2025-01-19 14:27:02,892 - INFO - Successfully read file: data/sys_file/user_db/user_database.json
2025-01-19 14:27:02,892 - INFO - Successfully read file: data/sys_file/user_db/user_database.json
2025-01-19 14:27:02,892 - INFO - Successfully read file: data/sys_file/user_db/user_database.json
2025-01-19 14:27:02,892 - INFO - Successfully read file: data/sys_file/user_db/user_database.json
