2025-01-19 14:38:27,329 - INFO - Successfully loaded JSON file: E:\Users\gogir\gogira\ikolo\ikolo\src\config.json
2025-01-19 14:38:27,352 - INFO - Verified or created directory: data
2025-01-19 14:38:27,352 - INFO - Verified or created directory: data
2025-01-19 14:38:27,385 - INFO - Verified or created directory: data/sys_file/cache_dir
2025-01-19 14:38:27,385 - INFO - Verified or created directory: data/sys_file/cache_dir
2025-01-19 14:38:27,385 - INFO - Verified or created directory: data/sys_file/cache_dir
2025-01-19 14:38:27,393 - INFO - Verified or created directory: data/plots
2025-01-19 14:38:27,393 - INFO - Verified or created directory: data/plots
2025-01-19 14:38:27,393 - INFO - Verified or created directory: data/plots
2025-01-19 14:38:27,393 - INFO - Verified or created directory: data/plots
2025-01-19 14:38:27,393 - INFO - Verified or created directory: data/plots
2025-01-19 14:38:27,409 - INFO - Verified or created directory: data/sys_file/cache_dir
2025-01-19 14:38:27,409 - INFO - Verified or created directory: data/sys_file/cache_dir
2025-01-19 14:38:27,409 - INFO - Verified or created directory: data/sys_file/cache_dir
2025-01-19 14:38:27,409 - INFO - Verified or created directory: data/sys_file/cache_dir
2025-01-19 14:38:27,409 - INFO - Verified or created directory: data/sys_file/cache_dir
2025-01-19 14:38:27,409 - INFO - Verified or created directory: data/sys_file/cache_dir
2025-01-19 14:38:27,410 - INFO - Verified or created directory: ./data
2025-01-19 14:38:27,410 - INFO - Verified or created directory: ./data
2025-01-19 14:38:27,410 - INFO - Verified or created directory: ./data
2025-01-19 14:38:27,410 - INFO - Verified or created directory: ./data
2025-01-19 14:38:27,410 - INFO - Verified or created directory: ./data
2025-01-19 14:38:27,410 - INFO - Verified or created directory: ./data
2025-01-19 14:38:27,426 - INFO - Verified or created directory: ./data
2025-01-19 14:38:27,426 - INFO - Verified or created directory: ./data
2025-01-19 14:38:27,426 - INFO - Verified or created directory: ./data
2025-01-19 14:38:27,426 - INFO - Verified or created directory: ./data
2025-01-19 14:38:27,426 - INFO - Verified or created directory: ./data
2025-01-19 14:38:27,426 - INFO - Verified or created directory: ./data
2025-01-19 14:38:27,443 - INFO - Verified or created directory: data/sys_file
2025-01-19 14:38:27,443 - INFO - Verified or created directory: data/sys_file
2025-01-19 14:38:27,443 - INFO - Verified or created directory: data/sys_file
2025-01-19 14:38:27,443 - INFO - Verified or created directory: data/sys_file
2025-01-19 14:38:27,443 - INFO - Verified or created directory: data/sys_file
2025-01-19 14:38:27,443 - INFO - Verified or created directory: data/sys_file
2025-01-19 14:38:27,443 - INFO - Verified or created directory: data/sys_file
2025-01-19 14:38:27,464 - INFO - Successfully read file: data/sys_file/user_db/user_database.json
2025-01-19 14:38:27,464 - INFO - Successfully read file: data/sys_file/user_db/user_database.json
2025-01-19 14:38:27,464 - INFO - Successfully read file: data/sys_file/user_db/user_database.json
2025-01-19 14:38:27,464 - INFO - Successfully read file: data/sys_file/user_db/user_database.json
2025-01-19 14:38:27,464 - INFO - Successfully read file: data/sys_file/user_db/user_database.json
2025-01-19 14:38:27,464 - INFO - Successfully read file: data/sys_file/user_db/user_database.json
2025-01-19 14:38:27,464 - INFO - Successfully read file: data/sys_file/user_db/user_database.json
2025-01-19 14:39:27,393 - INFO - Verified or created directory: data/sys_file/cache_dir
2025-01-19 14:39:27,393 - INFO - Verified or created directory: data/sys_file/cache_dir
2025-01-19 14:39:27,393 - INFO - Verified or created directory: data/sys_file/cache_dir
2025-01-19 14:39:27,393 - INFO - Verified or created directory: data/sys_file/cache_dir
2025-01-19 14:39:27,393 - INFO - Verified or created directory: data/sys_file/cache_dir
2025-01-19 14:39:27,393 - INFO - Verified or created directory: data/sys_file/cache_dir
2025-01-19 14:39:27,393 - INFO - Verified or created directory: data/sys_file/cache_dir
