2025-01-19 16:02:19,437 - INFO - Successfully loaded JSON file: E:\Users\gogir\gogira\ikolo\ikolo\src\config.json
2025-01-19 16:02:19,451 - INFO - Verified or created directory: data
2025-01-19 16:02:19,451 - INFO - Verified or created directory: data
2025-01-19 16:02:19,501 - INFO - Verified or created directory: data/sys_file/cache_dir
2025-01-19 16:02:19,501 - INFO - Verified or created directory: data/sys_file/cache_dir
2025-01-19 16:02:19,501 - INFO - Verified or created directory: data/sys_file/cache_dir
2025-01-19 16:02:19,509 - INFO - Verified or created directory: data/plots
2025-01-19 16:02:19,509 - INFO - Verified or created directory: data/plots
2025-01-19 16:02:19,509 - INFO - Verified or created directory: data/plots
2025-01-19 16:02:19,509 - INFO - Verified or created directory: data/plots
2025-01-19 16:02:19,509 - INFO - Verified or created directory: data/plots
2025-01-19 16:02:19,518 - INFO - Verified or created directory: data/sys_file/cache_dir
2025-01-19 16:02:19,518 - INFO - Verified or created directory: data/sys_file/cache_dir
2025-01-19 16:02:19,518 - INFO - Verified or created directory: data/sys_file/cache_dir
2025-01-19 16:02:19,518 - INFO - Verified or created directory: data/sys_file/cache_dir
2025-01-19 16:02:19,518 - INFO - Verified or created directory: data/sys_file/cache_dir
2025-01-19 16:02:19,518 - INFO - Verified or created directory: data/sys_file/cache_dir
2025-01-19 16:02:19,537 - INFO - Verified or created directory: ./data
2025-01-19 16:02:19,537 - INFO - Verified or created directory: ./data
2025-01-19 16:02:19,537 - INFO - Verified or created directory: ./data
2025-01-19 16:02:19,537 - INFO - Verified or created directory: ./data
2025-01-19 16:02:19,537 - INFO - Verified or created directory: ./data
2025-01-19 16:02:19,537 - INFO - Verified or created directory: ./data
2025-01-19 16:02:19,537 - INFO - Verified or created directory: ./data
2025-01-19 16:02:19,537 - INFO - Verified or created directory: ./data
2025-01-19 16:02:19,542 - INFO - Verified or created directory: ./data
2025-01-19 16:02:19,542 - INFO - Verified or created directory: ./data
2025-01-19 16:02:19,542 - INFO - Verified or created directory: ./data
2025-01-19 16:02:19,542 - INFO - Verified or created directory: ./data
2025-01-19 16:02:19,542 - INFO - Verified or created directory: ./data
2025-01-19 16:02:19,542 - INFO - Verified or created directory: ./data
2025-01-19 16:02:19,542 - INFO - Verified or created directory: ./data
2025-01-19 16:02:19,542 - INFO - Verified or created directory: ./data
2025-01-19 16:02:19,558 - INFO - Verified or created directory: data/sys_file
2025-01-19 16:02:19,558 - INFO - Verified or created directory: data/sys_file
2025-01-19 16:02:19,558 - INFO - Verified or created directory: data/sys_file
2025-01-19 16:02:19,558 - INFO - Verified or created directory: data/sys_file
2025-01-19 16:02:19,558 - INFO - Verified or created directory: data/sys_file
2025-01-19 16:02:19,558 - INFO - Verified or created directory: data/sys_file
2025-01-19 16:02:19,558 - INFO - Verified or created directory: data/sys_file
2025-01-19 16:02:19,558 - INFO - Verified or created directory: data/sys_file
2025-01-19 16:02:19,558 - INFO - Verified or created directory: data/sys_file
2025-01-19 16:02:19,569 - INFO - Successfully read file: data/sys_file/user_db/user_database.json
2025-01-19 16:02:19,569 - INFO - Successfully read file: data/sys_file/user_db/user_database.json
2025-01-19 16:02:19,569 - INFO - Successfully read file: data/sys_file/user_db/user_database.json
2025-01-19 16:02:19,569 - INFO - Successfully read file: data/sys_file/user_db/user_database.json
2025-01-19 16:02:19,569 - INFO - Successfully read file: data/sys_file/user_db/user_database.json
2025-01-19 16:02:19,569 - INFO - Successfully read file: data/sys_file/user_db/user_database.json
2025-01-19 16:02:19,569 - INFO - Successfully read file: data/sys_file/user_db/user_database.json
2025-01-19 16:02:19,569 - INFO - Successfully read file: data/sys_file/user_db/user_database.json
2025-01-19 16:02:19,569 - INFO - Successfully read file: data/sys_file/user_db/user_database.json
