2025-01-19 14:31:37,669 - INFO - Successfully loaded JSON file: E:\Users\gogir\gogira\ikolo\ikolo\src\config.json
2025-01-19 14:31:37,685 - INFO - Verified or created directory: data
2025-01-19 14:31:37,685 - INFO - Verified or created directory: data
2025-01-19 14:31:37,708 - INFO - Verified or created directory: data/sys_file/cache_dir
2025-01-19 14:31:37,708 - INFO - Verified or created directory: data/sys_file/cache_dir
2025-01-19 14:31:37,708 - INFO - Verified or created directory: data/sys_file/cache_dir
2025-01-19 14:31:37,716 - INFO - Verified or created directory: data/plots
2025-01-19 14:31:37,716 - INFO - Verified or created directory: data/plots
2025-01-19 14:31:37,716 - INFO - Verified or created directory: data/plots
2025-01-19 14:31:37,716 - INFO - Verified or created directory: data/plots
2025-01-19 14:31:37,716 - INFO - Verified or created directory: data/plots
2025-01-19 14:31:37,724 - INFO - Verified or created directory: data/sys_file/cache_dir
2025-01-19 14:31:37,724 - INFO - Verified or created directory: data/sys_file/cache_dir
2025-01-19 14:31:37,724 - INFO - Verified or created directory: data/sys_file/cache_dir
2025-01-19 14:31:37,724 - INFO - Verified or created directory: data/sys_file/cache_dir
2025-01-19 14:31:37,724 - INFO - Verified or created directory: data/sys_file/cache_dir
2025-01-19 14:31:37,724 - INFO - Verified or created directory: data/sys_file/cache_dir
2025-01-19 14:31:37,731 - INFO - Verified or created directory: ./data
2025-01-19 14:31:37,731 - INFO - Verified or created directory: ./data
2025-01-19 14:31:37,731 - INFO - Verified or created directory: ./data
2025-01-19 14:31:37,731 - INFO - Verified or created directory: ./data
2025-01-19 14:31:37,731 - INFO - Verified or created directory: ./data
2025-01-19 14:31:37,731 - INFO - Verified or created directory: ./data
2025-01-19 14:31:37,739 - INFO - Verified or created directory: ./data
2025-01-19 14:31:37,739 - INFO - Verified or created directory: ./data
2025-01-19 14:31:37,739 - INFO - Verified or created directory: ./data
2025-01-19 14:31:37,739 - INFO - Verified or created directory: ./data
2025-01-19 14:31:37,739 - INFO - Verified or created directory: ./data
2025-01-19 14:31:37,739 - INFO - Verified or created directory: ./data
2025-01-19 14:31:37,756 - INFO - Verified or created directory: data/sys_file
2025-01-19 14:31:37,756 - INFO - Verified or created directory: data/sys_file
2025-01-19 14:31:37,756 - INFO - Verified or created directory: data/sys_file
2025-01-19 14:31:37,756 - INFO - Verified or created directory: data/sys_file
2025-01-19 14:31:37,756 - INFO - Verified or created directory: data/sys_file
2025-01-19 14:31:37,756 - INFO - Verified or created directory: data/sys_file
2025-01-19 14:31:37,756 - INFO - Verified or created directory: data/sys_file
2025-01-19 14:31:37,765 - INFO - Successfully read file: data/sys_file/user_db/user_database.json
2025-01-19 14:31:37,765 - INFO - Successfully read file: data/sys_file/user_db/user_database.json
2025-01-19 14:31:37,765 - INFO - Successfully read file: data/sys_file/user_db/user_database.json
2025-01-19 14:31:37,765 - INFO - Successfully read file: data/sys_file/user_db/user_database.json
2025-01-19 14:31:37,765 - INFO - Successfully read file: data/sys_file/user_db/user_database.json
2025-01-19 14:31:37,765 - INFO - Successfully read file: data/sys_file/user_db/user_database.json
2025-01-19 14:31:37,765 - INFO - Successfully read file: data/sys_file/user_db/user_database.json
2025-01-19 14:32:13,050 - INFO - Verified or created directory: data/sys_file/cache_dir
2025-01-19 14:32:13,050 - INFO - Verified or created directory: data/sys_file/cache_dir
2025-01-19 14:32:13,050 - INFO - Verified or created directory: data/sys_file/cache_dir
2025-01-19 14:32:13,050 - INFO - Verified or created directory: data/sys_file/cache_dir
2025-01-19 14:32:13,050 - INFO - Verified or created directory: data/sys_file/cache_dir
2025-01-19 14:32:13,050 - INFO - Verified or created directory: data/sys_file/cache_dir
2025-01-19 14:32:13,050 - INFO - Verified or created directory: data/sys_file/cache_dir
