2025-01-19 14:26:31,482 - INFO - Successfully loaded JSON file: E:\Users\gogir\gogira\ikolo\ikolo\src\config.json
2025-01-19 14:26:31,482 - INFO - Verified or created directory: data
2025-01-19 14:26:31,482 - INFO - Verified or created directory: data
2025-01-19 14:26:31,498 - INFO - Verified or created directory: data/sys_file/cache_dir
2025-01-19 14:26:31,498 - INFO - Verified or created directory: data/sys_file/cache_dir
2025-01-19 14:26:31,498 - INFO - Verified or created directory: data/sys_file/cache_dir
2025-01-19 14:26:31,530 - INFO - Verified or created directory: data/plots
2025-01-19 14:26:31,530 - INFO - Verified or created directory: data/plots
2025-01-19 14:26:31,530 - INFO - Verified or created directory: data/plots
2025-01-19 14:26:31,530 - INFO - Verified or created directory: data/plots
2025-01-19 14:26:31,530 - INFO - Verified or created directory: data/plots
2025-01-19 14:26:31,535 - INFO - Verified or created directory: data/sys_file/cache_dir
2025-01-19 14:26:31,535 - INFO - Verified or created directory: data/sys_file/cache_dir
2025-01-19 14:26:31,535 - INFO - Verified or created directory: data/sys_file/cache_dir
2025-01-19 14:26:31,535 - INFO - Verified or created directory: data/sys_file/cache_dir
2025-01-19 14:26:31,535 - INFO - Verified or created directory: data/sys_file/cache_dir
2025-01-19 14:26:31,535 - INFO - Verified or created directory: data/sys_file/cache_dir
2025-01-19 14:26:31,543 - INFO - Verified or created directory: ./data
2025-01-19 14:26:31,543 - INFO - Verified or created directory: ./data
2025-01-19 14:26:31,543 - INFO - Verified or created directory: ./data
2025-01-19 14:26:31,543 - INFO - Verified or created directory: ./data
2025-01-19 14:26:31,543 - INFO - Verified or created directory: ./data
2025-01-19 14:26:31,543 - INFO - Verified or created directory: ./data
2025-01-19 14:26:31,551 - INFO - Verified or created directory: ./data
2025-01-19 14:26:31,551 - INFO - Verified or created directory: ./data
2025-01-19 14:26:31,551 - INFO - Verified or created directory: ./data
2025-01-19 14:26:31,551 - INFO - Verified or created directory: ./data
2025-01-19 14:26:31,551 - INFO - Verified or created directory: ./data
2025-01-19 14:26:31,551 - INFO - Verified or created directory: ./data
2025-01-19 14:26:31,566 - INFO - Verified or created directory: data/sys_file
2025-01-19 14:26:31,566 - INFO - Verified or created directory: data/sys_file
2025-01-19 14:26:31,566 - INFO - Verified or created directory: data/sys_file
2025-01-19 14:26:31,566 - INFO - Verified or created directory: data/sys_file
2025-01-19 14:26:31,566 - INFO - Verified or created directory: data/sys_file
2025-01-19 14:26:31,566 - INFO - Verified or created directory: data/sys_file
2025-01-19 14:26:31,566 - INFO - Verified or created directory: data/sys_file
2025-01-19 14:26:31,568 - INFO - Successfully read file: data/sys_file/user_db/user_database.json
2025-01-19 14:26:31,568 - INFO - Successfully read file: data/sys_file/user_db/user_database.json
2025-01-19 14:26:31,568 - INFO - Successfully read file: data/sys_file/user_db/user_database.json
2025-01-19 14:26:31,568 - INFO - Successfully read file: data/sys_file/user_db/user_database.json
2025-01-19 14:26:31,568 - INFO - Successfully read file: data/sys_file/user_db/user_database.json
2025-01-19 14:26:31,568 - INFO - Successfully read file: data/sys_file/user_db/user_database.json
2025-01-19 14:26:31,568 - INFO - Successfully read file: data/sys_file/user_db/user_database.json
