2025-01-19 14:17:44,875 - INFO - Successfully loaded JSON file: E:\Users\gogir\gogira\ikolo\ikolo\src\config.json
2025-01-19 14:17:44,884 - INFO - Verified or created directory: data
2025-01-19 14:17:44,884 - INFO - Verified or created directory: data
2025-01-19 14:17:44,900 - INFO - Verified or created directory: data/sys_file/cache_dir
2025-01-19 14:17:44,900 - INFO - Verified or created directory: data/sys_file/cache_dir
2025-01-19 14:17:44,900 - INFO - Verified or created directory: data/sys_file/cache_dir
2025-01-19 14:17:44,912 - INFO - Verified or created directory: data/sys_file/session_dir
2025-01-19 14:17:44,912 - INFO - Verified or created directory: data/sys_file/session_dir
2025-01-19 14:17:44,912 - INFO - Verified or created directory: data/sys_file/session_dir
2025-01-19 14:17:44,912 - INFO - Verified or created directory: data/sys_file/session_dir
2025-01-19 14:17:44,933 - INFO - Verified or created directory: data/plots
2025-01-19 14:17:44,933 - INFO - Verified or created directory: data/plots
2025-01-19 14:17:44,933 - INFO - Verified or created directory: data/plots
2025-01-19 14:17:44,933 - INFO - Verified or created directory: data/plots
2025-01-19 14:17:44,933 - INFO - Verified or created directory: data/plots
2025-01-19 14:17:44,944 - INFO - Verified or created directory: data/sys_file/cache_dir
2025-01-19 14:17:44,944 - INFO - Verified or created directory: data/sys_file/cache_dir
2025-01-19 14:17:44,944 - INFO - Verified or created directory: data/sys_file/cache_dir
2025-01-19 14:17:44,944 - INFO - Verified or created directory: data/sys_file/cache_dir
2025-01-19 14:17:44,944 - INFO - Verified or created directory: data/sys_file/cache_dir
2025-01-19 14:17:44,944 - INFO - Verified or created directory: data/sys_file/cache_dir
2025-01-19 14:17:44,949 - INFO - Verified or created directory: ./data
2025-01-19 14:17:44,949 - INFO - Verified or created directory: ./data
2025-01-19 14:17:44,949 - INFO - Verified or created directory: ./data
2025-01-19 14:17:44,949 - INFO - Verified or created directory: ./data
2025-01-19 14:17:44,949 - INFO - Verified or created directory: ./data
2025-01-19 14:17:44,949 - INFO - Verified or created directory: ./data
2025-01-19 14:17:44,952 - INFO - Verified or created directory: ./data
2025-01-19 14:17:44,952 - INFO - Verified or created directory: ./data
2025-01-19 14:17:44,952 - INFO - Verified or created directory: ./data
2025-01-19 14:17:44,952 - INFO - Verified or created directory: ./data
2025-01-19 14:17:44,952 - INFO - Verified or created directory: ./data
2025-01-19 14:17:44,952 - INFO - Verified or created directory: ./data
2025-01-19 14:17:44,969 - INFO - Verified or created directory: data/sys_file
2025-01-19 14:17:44,969 - INFO - Verified or created directory: data/sys_file
2025-01-19 14:17:44,969 - INFO - Verified or created directory: data/sys_file
2025-01-19 14:17:44,969 - INFO - Verified or created directory: data/sys_file
2025-01-19 14:17:44,969 - INFO - Verified or created directory: data/sys_file
2025-01-19 14:17:44,969 - INFO - Verified or created directory: data/sys_file
2025-01-19 14:17:44,969 - INFO - Verified or created directory: data/sys_file
2025-01-19 14:17:44,982 - INFO - Successfully read file: data/sys_file/user_db/user_database.json
2025-01-19 14:17:44,982 - INFO - Successfully read file: data/sys_file/user_db/user_database.json
2025-01-19 14:17:44,982 - INFO - Successfully read file: data/sys_file/user_db/user_database.json
2025-01-19 14:17:44,982 - INFO - Successfully read file: data/sys_file/user_db/user_database.json
2025-01-19 14:17:44,982 - INFO - Successfully read file: data/sys_file/user_db/user_database.json
2025-01-19 14:17:44,982 - INFO - Successfully read file: data/sys_file/user_db/user_database.json
2025-01-19 14:17:44,982 - INFO - Successfully read file: data/sys_file/user_db/user_database.json
