2025-01-19 15:39:23,541 - INFO - Successfully loaded JSON file: E:\Users\gogir\gogira\ikolo\ikolo\src\config.json
2025-01-19 15:39:23,552 - INFO - Verified or created directory: data
2025-01-19 15:39:23,552 - INFO - Verified or created directory: data
2025-01-19 15:39:23,592 - INFO - Verified or created directory: data/sys_file/cache_dir
2025-01-19 15:39:23,592 - INFO - Verified or created directory: data/sys_file/cache_dir
2025-01-19 15:39:23,592 - INFO - Verified or created directory: data/sys_file/cache_dir
2025-01-19 15:39:23,603 - INFO - Verified or created directory: data/plots
2025-01-19 15:39:23,603 - INFO - Verified or created directory: data/plots
2025-01-19 15:39:23,603 - INFO - Verified or created directory: data/plots
2025-01-19 15:39:23,603 - INFO - Verified or created directory: data/plots
2025-01-19 15:39:23,603 - INFO - Verified or created directory: data/plots
2025-01-19 15:39:23,619 - INFO - Verified or created directory: data/sys_file/cache_dir
2025-01-19 15:39:23,619 - INFO - Verified or created directory: data/sys_file/cache_dir
2025-01-19 15:39:23,619 - INFO - Verified or created directory: data/sys_file/cache_dir
2025-01-19 15:39:23,619 - INFO - Verified or created directory: data/sys_file/cache_dir
2025-01-19 15:39:23,619 - INFO - Verified or created directory: data/sys_file/cache_dir
2025-01-19 15:39:23,619 - INFO - Verified or created directory: data/sys_file/cache_dir
2025-01-19 15:39:23,638 - INFO - Verified or created directory: ./data
2025-01-19 15:39:23,638 - INFO - Verified or created directory: ./data
2025-01-19 15:39:23,638 - INFO - Verified or created directory: ./data
2025-01-19 15:39:23,638 - INFO - Verified or created directory: ./data
2025-01-19 15:39:23,638 - INFO - Verified or created directory: ./data
2025-01-19 15:39:23,638 - INFO - Verified or created directory: ./data
2025-01-19 15:39:23,638 - INFO - Verified or created directory: ./data
2025-01-19 15:39:23,638 - INFO - Verified or created directory: ./data
2025-01-19 15:39:23,645 - INFO - Verified or created directory: ./data
2025-01-19 15:39:23,645 - INFO - Verified or created directory: ./data
2025-01-19 15:39:23,645 - INFO - Verified or created directory: ./data
2025-01-19 15:39:23,645 - INFO - Verified or created directory: ./data
2025-01-19 15:39:23,645 - INFO - Verified or created directory: ./data
2025-01-19 15:39:23,645 - INFO - Verified or created directory: ./data
2025-01-19 15:39:23,645 - INFO - Verified or created directory: ./data
2025-01-19 15:39:23,645 - INFO - Verified or created directory: ./data
2025-01-19 15:39:23,653 - INFO - Verified or created directory: data/sys_file
2025-01-19 15:39:23,653 - INFO - Verified or created directory: data/sys_file
2025-01-19 15:39:23,653 - INFO - Verified or created directory: data/sys_file
2025-01-19 15:39:23,653 - INFO - Verified or created directory: data/sys_file
2025-01-19 15:39:23,653 - INFO - Verified or created directory: data/sys_file
2025-01-19 15:39:23,653 - INFO - Verified or created directory: data/sys_file
2025-01-19 15:39:23,653 - INFO - Verified or created directory: data/sys_file
2025-01-19 15:39:23,653 - INFO - Verified or created directory: data/sys_file
2025-01-19 15:39:23,653 - INFO - Verified or created directory: data/sys_file
2025-01-19 15:39:23,670 - INFO - Successfully read file: data/sys_file/user_db/user_database.json
2025-01-19 15:39:23,670 - INFO - Successfully read file: data/sys_file/user_db/user_database.json
2025-01-19 15:39:23,670 - INFO - Successfully read file: data/sys_file/user_db/user_database.json
2025-01-19 15:39:23,670 - INFO - Successfully read file: data/sys_file/user_db/user_database.json
2025-01-19 15:39:23,670 - INFO - Successfully read file: data/sys_file/user_db/user_database.json
2025-01-19 15:39:23,670 - INFO - Successfully read file: data/sys_file/user_db/user_database.json
2025-01-19 15:39:23,670 - INFO - Successfully read file: data/sys_file/user_db/user_database.json
2025-01-19 15:39:23,670 - INFO - Successfully read file: data/sys_file/user_db/user_database.json
2025-01-19 15:39:23,670 - INFO - Successfully read file: data/sys_file/user_db/user_database.json
2025-01-19 15:40:12,706 - INFO - Verified or created directory: data/sys_file/cache_dir
2025-01-19 15:40:12,706 - INFO - Verified or created directory: data/sys_file/cache_dir
2025-01-19 15:40:12,706 - INFO - Verified or created directory: data/sys_file/cache_dir
2025-01-19 15:40:12,706 - INFO - Verified or created directory: data/sys_file/cache_dir
2025-01-19 15:40:12,706 - INFO - Verified or created directory: data/sys_file/cache_dir
2025-01-19 15:40:12,706 - INFO - Verified or created directory: data/sys_file/cache_dir
2025-01-19 15:40:12,706 - INFO - Verified or created directory: data/sys_file/cache_dir
2025-01-19 15:40:12,706 - INFO - Verified or created directory: data/sys_file/cache_dir
2025-01-19 15:40:12,706 - INFO - Verified or created directory: data/sys_file/cache_dir
