2025-01-19 14:52:16,105 - INFO - Successfully loaded JSON file: E:\Users\gogir\gogira\ikolo\ikolo\src\config.json
2025-01-19 14:52:16,105 - INFO - Verified or created directory: data
2025-01-19 14:52:16,105 - INFO - Verified or created directory: data
2025-01-19 14:52:16,121 - INFO - Verified or created directory: data/sys_file/cache_dir
2025-01-19 14:52:16,121 - INFO - Verified or created directory: data/sys_file/cache_dir
2025-01-19 14:52:16,121 - INFO - Verified or created directory: data/sys_file/cache_dir
2025-01-19 14:52:16,153 - INFO - Verified or created directory: data/plots
2025-01-19 14:52:16,153 - INFO - Verified or created directory: data/plots
2025-01-19 14:52:16,153 - INFO - Verified or created directory: data/plots
2025-01-19 14:52:16,153 - INFO - Verified or created directory: data/plots
2025-01-19 14:52:16,153 - INFO - Verified or created directory: data/plots
2025-01-19 14:52:16,160 - INFO - Verified or created directory: data/sys_file/cache_dir
2025-01-19 14:52:16,160 - INFO - Verified or created directory: data/sys_file/cache_dir
2025-01-19 14:52:16,160 - INFO - Verified or created directory: data/sys_file/cache_dir
2025-01-19 14:52:16,160 - INFO - Verified or created directory: data/sys_file/cache_dir
2025-01-19 14:52:16,160 - INFO - Verified or created directory: data/sys_file/cache_dir
2025-01-19 14:52:16,160 - INFO - Verified or created directory: data/sys_file/cache_dir
2025-01-19 14:52:16,166 - INFO - Verified or created directory: ./data
2025-01-19 14:52:16,166 - INFO - Verified or created directory: ./data
2025-01-19 14:52:16,166 - INFO - Verified or created directory: ./data
2025-01-19 14:52:16,166 - INFO - Verified or created directory: ./data
2025-01-19 14:52:16,166 - INFO - Verified or created directory: ./data
2025-01-19 14:52:16,166 - INFO - Verified or created directory: ./data
2025-01-19 14:52:16,181 - INFO - Verified or created directory: ./data
2025-01-19 14:52:16,181 - INFO - Verified or created directory: ./data
2025-01-19 14:52:16,181 - INFO - Verified or created directory: ./data
2025-01-19 14:52:16,181 - INFO - Verified or created directory: ./data
2025-01-19 14:52:16,181 - INFO - Verified or created directory: ./data
2025-01-19 14:52:16,181 - INFO - Verified or created directory: ./data
2025-01-19 14:52:16,194 - INFO - Verified or created directory: data/sys_file
2025-01-19 14:52:16,194 - INFO - Verified or created directory: data/sys_file
2025-01-19 14:52:16,194 - INFO - Verified or created directory: data/sys_file
2025-01-19 14:52:16,194 - INFO - Verified or created directory: data/sys_file
2025-01-19 14:52:16,194 - INFO - Verified or created directory: data/sys_file
2025-01-19 14:52:16,194 - INFO - Verified or created directory: data/sys_file
2025-01-19 14:52:16,194 - INFO - Verified or created directory: data/sys_file
2025-01-19 14:52:16,198 - INFO - Successfully read file: data/sys_file/user_db/user_database.json
2025-01-19 14:52:16,198 - INFO - Successfully read file: data/sys_file/user_db/user_database.json
2025-01-19 14:52:16,198 - INFO - Successfully read file: data/sys_file/user_db/user_database.json
2025-01-19 14:52:16,198 - INFO - Successfully read file: data/sys_file/user_db/user_database.json
2025-01-19 14:52:16,198 - INFO - Successfully read file: data/sys_file/user_db/user_database.json
2025-01-19 14:52:16,198 - INFO - Successfully read file: data/sys_file/user_db/user_database.json
2025-01-19 14:52:16,198 - INFO - Successfully read file: data/sys_file/user_db/user_database.json
2025-01-19 14:54:10,887 - INFO - Verified or created directory: data/sys_file/cache_dir
2025-01-19 14:54:10,887 - INFO - Verified or created directory: data/sys_file/cache_dir
2025-01-19 14:54:10,887 - INFO - Verified or created directory: data/sys_file/cache_dir
2025-01-19 14:54:10,887 - INFO - Verified or created directory: data/sys_file/cache_dir
2025-01-19 14:54:10,887 - INFO - Verified or created directory: data/sys_file/cache_dir
2025-01-19 14:54:10,887 - INFO - Verified or created directory: data/sys_file/cache_dir
2025-01-19 14:54:10,887 - INFO - Verified or created directory: data/sys_file/cache_dir
