2025-01-19 20:51:45,808 - INFO - Successfully loaded JSON file: E:\Users\gogir\gogira\ikolo\ikolo\src\config.json
2025-01-19 20:51:45,811 - INFO - Verified or created directory: data
2025-01-19 20:51:45,820 - INFO - Verified or created directory: data/sys_file/cache_dir
2025-01-19 20:51:45,820 - INFO - Verified or created directory: data/plots
2025-01-19 20:51:45,838 - INFO - Verified or created directory: data/sys_file/cache_dir
2025-01-19 20:51:45,844 - INFO - Verified or created directory: ./data
2025-01-19 20:51:45,846 - INFO - Verified or created directory: ./data
2025-01-19 20:51:45,852 - INFO - Verified or created directory: data/sys_file
2025-01-19 20:51:45,906 - INFO - Successfully read file: data/sys_file/user_db/user_database.json
2025-01-19 20:53:29,111 - INFO - Verified or created directory: data/sys_file/cache_dir
2025-01-19 20:56:16,441 - INFO - Verified or created directory: ./data\watchlist
2025-01-19 21:18:52,879 - INFO - Successfully loaded JSON file: E:\Users\gogir\gogira\ikolo\ikolo\src\config.json
2025-01-19 21:18:52,879 - INFO - Verified or created directory: data
2025-01-19 21:18:52,911 - INFO - Verified or created directory: data/sys_file/cache_dir
2025-01-19 21:18:52,927 - INFO - Verified or created directory: data/plots
2025-01-19 21:18:52,931 - INFO - Verified or created directory: data/sys_file/cache_dir
2025-01-19 21:29:03,117 - INFO - Successfully loaded JSON file: E:\Users\gogir\gogira\ikolo\ikolo\src\config.json
2025-01-19 21:29:03,134 - INFO - Verified or created directory: data
2025-01-19 21:29:03,156 - INFO - Verified or created directory: data/sys_file/cache_dir
2025-01-19 21:29:03,167 - INFO - Verified or created directory: data/plots
2025-01-19 21:29:03,167 - INFO - Verified or created directory: data/sys_file/cache_dir
2025-01-19 21:29:59,194 - INFO - Successfully loaded JSON file: E:\Users\gogir\gogira\ikolo\ikolo\src\config.json
2025-01-19 21:29:59,194 - INFO - Verified or created directory: data
2025-01-19 21:29:59,219 - INFO - Verified or created directory: data/sys_file/cache_dir
2025-01-19 21:29:59,227 - INFO - Verified or created directory: data/plots
2025-01-19 21:29:59,227 - INFO - Verified or created directory: data/sys_file/cache_dir
2025-01-19 21:33:27,589 - INFO - Successfully loaded JSON file: E:\Users\gogir\gogira\ikolo\ikolo\src\config.json
2025-01-19 21:33:27,589 - INFO - Verified or created directory: data
2025-01-19 21:33:27,605 - INFO - Verified or created directory: data/sys_file/cache_dir
2025-01-19 21:33:27,621 - INFO - Verified or created directory: data/plots
2025-01-19 21:33:27,627 - INFO - Verified or created directory: data/sys_file/cache_dir
2025-01-19 21:37:10,944 - INFO - Successfully loaded JSON file: E:\Users\gogir\gogira\ikolo\ikolo\src\config.json
2025-01-19 21:37:10,944 - INFO - Verified or created directory: data
2025-01-19 21:37:10,960 - INFO - Verified or created directory: data/sys_file/cache_dir
2025-01-19 21:37:10,960 - INFO - Verified or created directory: data/plots
2025-01-19 21:37:10,960 - INFO - Verified or created directory: data/sys_file/cache_dir
2025-01-19 21:44:23,176 - INFO - Successfully loaded JSON file: E:\Users\gogir\gogira\ikolo\ikolo\src\config.json
2025-01-19 21:44:23,176 - INFO - Verified or created directory: data
2025-01-19 21:44:23,209 - INFO - Verified or created directory: data/sys_file/cache_dir
2025-01-19 21:44:23,216 - INFO - Verified or created directory: data/plots
2025-01-19 21:44:23,216 - INFO - Verified or created directory: data/sys_file/cache_dir
2025-01-19 21:44:23,224 - INFO - Verified or created directory: /data
2025-01-19 21:44:23,224 - INFO - Verified or created directory: /data
2025-01-19 21:44:23,240 - INFO - Verified or created directory: data/sys_file
2025-01-19 21:44:23,240 - INFO - Successfully read file: data/sys_file/user_db/user_database.json
2025-01-19 21:45:57,880 - INFO - Verified or created directory: /data/watchlist
2025-01-19 21:48:19,739 - INFO - Verified or created directory: /data/watchlist
2025-01-19 22:01:26,946 - INFO - Successfully loaded JSON file: E:\Users\gogir\gogira\ikolo\ikolo\src\config.json
2025-01-19 22:01:26,954 - INFO - Verified or created directory: data
2025-01-19 22:01:26,971 - INFO - Verified or created directory: data/sys_file/cache_dir
2025-01-19 22:01:26,971 - INFO - Verified or created directory: data/plots
2025-01-19 22:01:26,980 - INFO - Verified or created directory: data/sys_file/cache_dir
2025-01-19 22:01:26,980 - INFO - Verified or created directory: /data
2025-01-19 22:01:26,980 - INFO - Verified or created directory: /data
2025-01-19 22:01:26,992 - INFO - Verified or created directory: data/sys_file
2025-01-19 22:01:26,998 - INFO - Successfully read file: data/sys_file/user_db/user_database.json
2025-01-19 22:01:52,934 - INFO - Successfully loaded JSON file: E:\Users\gogir\gogira\ikolo\ikolo\src\config.json
2025-01-19 22:01:52,950 - INFO - Verified or created directory: data
2025-01-19 22:01:52,950 - INFO - Verified or created directory: data/sys_file/cache_dir
2025-01-19 22:01:52,961 - INFO - Verified or created directory: data/plots
2025-01-19 22:01:52,968 - INFO - Verified or created directory: data/sys_file/cache_dir
2025-01-19 22:01:52,978 - INFO - Verified or created directory: /data
2025-01-19 22:01:52,981 - INFO - Verified or created directory: /data
2025-01-19 22:01:52,993 - INFO - Verified or created directory: data/sys_file
2025-01-19 22:01:52,995 - INFO - Successfully read file: data/sys_file/user_db/user_database.json
2025-01-19 22:03:41,408 - INFO - Verified or created directory: /data/watchlist
2025-01-19 22:09:53,407 - INFO - Successfully loaded JSON file: E:\Users\gogir\gogira\ikolo\ikolo\src\config.json
2025-01-19 22:09:53,407 - INFO - Verified or created directory: data
2025-01-19 22:09:53,440 - INFO - Verified or created directory: data/sys_file/cache_dir
2025-01-19 22:09:53,440 - INFO - Verified or created directory: data/plots
2025-01-19 22:09:53,440 - INFO - Verified or created directory: data/sys_file/cache_dir
2025-01-19 22:09:53,454 - INFO - Verified or created directory: ./data
2025-01-19 22:09:53,456 - INFO - Verified or created directory: ./data
2025-01-19 22:09:53,468 - INFO - Verified or created directory: data/sys_file
2025-01-19 22:09:53,473 - INFO - Successfully read file: data/sys_file/user_db/user_database.json
2025-01-19 22:10:38,863 - INFO - Verified or created directory: ./data\watchlist
2025-01-19 22:15:27,549 - INFO - Successfully loaded JSON file: E:\Users\gogir\gogira\ikolo\ikolo\src\config.json
2025-01-19 22:15:27,552 - INFO - Verified or created directory: data
2025-01-19 22:15:27,570 - INFO - Verified or created directory: data/sys_file/cache_dir
2025-01-19 22:15:27,573 - INFO - Verified or created directory: data/plots
2025-01-19 22:15:27,573 - INFO - Verified or created directory: data/sys_file/cache_dir
2025-01-19 22:16:43,498 - INFO - Successfully loaded JSON file: E:\Users\gogir\gogira\ikolo\ikolo\src\config.json
2025-01-19 22:16:43,498 - INFO - Verified or created directory: data
2025-01-19 22:16:43,514 - INFO - Verified or created directory: data/sys_file/cache_dir
2025-01-19 22:16:43,514 - INFO - Verified or created directory: data/plots
2025-01-19 22:16:43,514 - INFO - Verified or created directory: data/sys_file/cache_dir
2025-01-19 22:17:55,438 - INFO - Successfully loaded JSON file: E:\Users\gogir\gogira\ikolo\ikolo\src\config.json
2025-01-19 22:17:55,438 - INFO - Verified or created directory: data
2025-01-19 22:17:55,469 - INFO - Verified or created directory: data/sys_file/cache_dir
2025-01-19 22:17:55,469 - INFO - Verified or created directory: data/plots
2025-01-19 22:17:55,469 - INFO - Verified or created directory: data/sys_file/cache_dir
2025-01-19 22:17:55,469 - INFO - Verified or created directory: data
2025-01-19 22:17:55,469 - INFO - Verified or created directory: data
2025-01-19 22:17:55,487 - INFO - Verified or created directory: data/sys_file
2025-01-19 22:17:55,487 - INFO - Successfully read file: data/sys_file/user_db/user_database.json
2025-01-19 22:18:35,691 - INFO - Verified or created directory: data\watchlist
2025-01-19 22:21:38,797 - INFO - Successfully loaded JSON file: E:\Users\gogir\gogira\ikolo\ikolo\src\config.json
2025-01-19 22:21:38,797 - INFO - Verified or created directory: data
2025-01-19 22:21:38,813 - INFO - Verified or created directory: data/sys_file/cache_dir
2025-01-19 22:21:38,828 - INFO - Verified or created directory: data/plots
2025-01-19 22:21:38,828 - INFO - Verified or created directory: data/sys_file/cache_dir
2025-01-19 22:21:38,828 - INFO - Verified or created directory: data
2025-01-19 22:21:38,828 - INFO - Verified or created directory: data
2025-01-19 22:21:38,846 - INFO - Verified or created directory: data/sys_file
2025-01-19 22:21:38,847 - INFO - Successfully read file: data/sys_file/user_db/user_database.json
2025-01-19 22:22:03,076 - INFO - Verified or created directory: data\watchlist
2025-01-19 22:26:34,596 - INFO - Successfully loaded JSON file: E:\Users\gogir\gogira\ikolo\ikolo\src\config.json
2025-01-19 22:26:34,596 - INFO - Verified or created directory: data
2025-01-19 22:26:34,604 - INFO - Verified or created directory: data/sys_file/cache_dir
2025-01-19 22:26:34,619 - INFO - Verified or created directory: data/plots
2025-01-19 22:26:34,619 - INFO - Verified or created directory: data/sys_file/cache_dir
2025-01-19 22:26:34,619 - INFO - Verified or created directory: data
2025-01-19 22:26:34,619 - INFO - Verified or created directory: data
2025-01-19 22:26:34,636 - INFO - Verified or created directory: data/sys_file
2025-01-19 22:26:34,637 - INFO - Successfully read file: data/sys_file/user_db/user_database.json
2025-01-19 22:27:21,156 - INFO - Verified or created directory: data\watchlist
2025-01-19 22:31:20,239 - INFO - Successfully loaded JSON file: E:\Users\gogir\gogira\ikolo\ikolo\src\config.json
2025-01-19 22:31:20,239 - INFO - Verified or created directory: data
2025-01-19 22:31:20,261 - INFO - Verified or created directory: data/sys_file/cache_dir
2025-01-19 22:31:20,271 - INFO - Verified or created directory: data/plots
2025-01-19 22:31:20,271 - INFO - Verified or created directory: data/sys_file/cache_dir
2025-01-19 22:31:20,271 - INFO - Verified or created directory: data/sys_file
2025-01-19 22:31:20,287 - INFO - Successfully read file: data/sys_file/user_db/user_database.json
2025-01-19 22:31:48,427 - INFO - Verified or created directory: data\watchlist
2025-01-19 22:35:01,377 - INFO - Successfully loaded JSON file: E:\Users\gogir\gogira\ikolo\ikolo\src\config.json
2025-01-19 22:35:01,377 - INFO - Verified or created directory: data
2025-01-19 22:35:01,393 - INFO - Verified or created directory: data/sys_file/cache_dir
2025-01-19 22:35:01,393 - INFO - Verified or created directory: data/plots
2025-01-19 22:35:01,393 - INFO - Verified or created directory: data/sys_file/cache_dir
2025-01-19 22:35:01,423 - INFO - Verified or created directory: data/sys_file
2025-01-19 22:35:01,425 - INFO - Successfully read file: data/sys_file/user_db/user_database.json
2025-01-19 22:35:34,046 - INFO - Verified or created directory: data\watchlist
2025-01-19 22:38:19,700 - INFO - Successfully loaded JSON file: E:\Users\gogir\gogira\ikolo\ikolo\src\config.json
2025-01-19 22:38:19,700 - INFO - Verified or created directory: data
2025-01-19 22:38:19,715 - INFO - Verified or created directory: data/sys_file/cache_dir
2025-01-19 22:38:19,715 - INFO - Verified or created directory: data/plots
2025-01-19 22:38:19,715 - INFO - Verified or created directory: data/sys_file/cache_dir
2025-01-19 22:38:19,739 - INFO - Verified or created directory: data/sys_file
2025-01-19 22:38:19,746 - INFO - Successfully read file: data/sys_file/user_db/user_database.json
2025-01-19 22:38:54,781 - INFO - Verified or created directory: data\watchlist
2025-01-19 22:59:51,205 - INFO - Successfully loaded JSON file: E:\Users\gogir\gogira\ikolo\ikolo\src\config.json
2025-01-19 22:59:51,205 - INFO - Verified or created directory: data
2025-01-19 22:59:51,234 - INFO - Verified or created directory: data/sys_file/cache_dir
2025-01-19 22:59:51,248 - INFO - Verified or created directory: data/plots
2025-01-19 22:59:51,248 - INFO - Verified or created directory: data/sys_file/cache_dir
2025-01-19 22:59:51,277 - INFO - Verified or created directory: data/sys_file
2025-01-19 22:59:51,302 - INFO - Successfully read file: data/sys_file/user_db/user_database.json
2025-01-19 23:01:40,914 - INFO - Verified or created directory: data\watchlist
2025-01-19 23:05:18,628 - INFO - Successfully loaded JSON file: E:\Users\gogir\gogira\ikolo\ikolo\src\config.json
2025-01-19 23:05:18,628 - INFO - Verified or created directory: data
2025-01-19 23:05:18,647 - INFO - Verified or created directory: data/sys_file/cache_dir
2025-01-19 23:05:18,654 - INFO - Verified or created directory: data/plots
2025-01-19 23:05:18,654 - INFO - Verified or created directory: data/sys_file/cache_dir
2025-01-19 23:05:18,671 - INFO - Verified or created directory: data/sys_file
2025-01-19 23:05:18,671 - INFO - Successfully read file: data/sys_file/user_db/user_database.json
2025-01-19 23:05:42,209 - INFO - Verified or created directory: data\watchlist
2025-01-19 23:16:56,683 - INFO - Successfully loaded JSON file: E:\Users\gogir\gogira\ikolo\ikolo\src\config.json
2025-01-19 23:16:56,683 - INFO - Verified or created directory: data
2025-01-19 23:16:56,714 - INFO - Verified or created directory: data/sys_file/cache_dir
2025-01-19 23:16:56,714 - INFO - Verified or created directory: data/plots
2025-01-19 23:16:56,714 - INFO - Verified or created directory: data/sys_file/cache_dir
2025-01-19 23:22:10,785 - INFO - Successfully loaded JSON file: E:\Users\gogir\gogira\ikolo\ikolo\src\config.json
2025-01-19 23:22:10,785 - INFO - Verified or created directory: data
2025-01-19 23:22:10,812 - INFO - Verified or created directory: data/sys_file/cache_dir
2025-01-19 23:22:10,812 - INFO - Verified or created directory: data/plots
2025-01-19 23:22:10,817 - INFO - Verified or created directory: data/sys_file/cache_dir
2025-01-19 23:24:05,182 - INFO - Successfully loaded JSON file: E:\Users\gogir\gogira\ikolo\ikolo\src\config.json
2025-01-19 23:24:05,182 - INFO - Verified or created directory: data
2025-01-19 23:24:05,198 - INFO - Verified or created directory: data/sys_file/cache_dir
2025-01-19 23:24:05,216 - INFO - Verified or created directory: data/plots
2025-01-19 23:24:05,219 - INFO - Verified or created directory: data/sys_file/cache_dir
2025-01-19 23:24:05,231 - INFO - Verified or created directory: data/sys_file
2025-01-19 23:24:05,235 - INFO - Successfully read file: data/sys_file/user_db/user_database.json
2025-01-19 23:43:35,481 - INFO - Successfully loaded JSON file: E:\Users\gogir\gogira\ikolo\ikolo\src\config.json
2025-01-19 23:43:35,481 - INFO - Verified or created directory: data
2025-01-19 23:43:35,496 - INFO - Verified or created directory: data/sys_file/cache_dir
2025-01-19 23:43:35,522 - INFO - Verified or created directory: data/plots
2025-01-19 23:43:35,522 - INFO - Verified or created directory: data/sys_file/cache_dir
2025-01-19 23:43:35,541 - INFO - Verified or created directory: data/sys_file
2025-01-19 23:43:35,541 - INFO - Successfully read file: data/sys_file/user_db/user_database.json
2025-01-19 23:44:22,273 - INFO - Verified or created directory: E:\Users\gogir\gogira\ikolo\ikolo\src\data
2025-01-19 23:44:22,303 - INFO - Verified or created directory: E:\Users\gogir\gogira\ikolo\ikolo\src\data\watchlist
2025-01-19 23:52:59,193 - INFO - Successfully loaded JSON file: E:\Users\gogir\gogira\ikolo\ikolo\src\config.json
2025-01-19 23:52:59,262 - INFO - Successfully read file: data/sys_file/user_db/user_database.json
2025-01-19 23:59:02,798 - INFO - Successfully loaded JSON file: E:\Users\gogir\gogira\ikolo\ikolo\src\config.json
2025-01-19 23:59:02,833 - INFO - Successfully read file: data/sys_file/user_db/user_database.json
